<?xml version="1.0" encoding="UTF-8"?>
<!-- Generated by org.testng.reporters.JUnitReportReporter -->
<testsuite hostname="Acer" failures="0" tests="2" name="qaclickacademy.AppiumTest" time="0.015" errors="0" timestamp="2023-10-16T15:29:29 EEST" skipped="0">
  <testcase classname="qaclickacademy.AppiumTest" name="nativeAppAndroid" time="0.001"/>
  <testcase classname="qaclickacademy.AppiumTest" name="iosApp" time="0.014"/>
</testsuite> <!-- qaclickacademy.AppiumTest -->
