<?xml version="1.0" encoding="UTF-8"?>
<!-- Generated by org.testng.reporters.JUnitReportReporter -->
<testsuite hostname="Acer" failures="0" tests="2" name="qaclickacademy.RESTAPITest" time="0.003" errors="0" timestamp="2023-10-16T15:29:29 EEST" skipped="0">
  <testcase classname="qaclickacademy.RESTAPITest" name="postJira" time="0.002"/>
  <testcase classname="qaclickacademy.RESTAPITest" name="deleteTwitter" time="0.001"/>
</testsuite> <!-- qaclickacademy.RESTAPITest -->
