<?xml version="1.0" encoding="UTF-8"?>
<!-- Generated by org.testng.reporters.JUnitReportReporter -->
<testsuite hostname="Acer" failures="0" tests="2" name="qaclickacademy.AppiumTest" time="0.006" errors="0" timestamp="2023-10-15T17:13:11 EEST" skipped="0">
  <testcase classname="qaclickacademy.AppiumTest" name="iosApp" time="0.005"/>
  <testcase classname="qaclickacademy.AppiumTest" name="nativeAppAndroid" time="0.001"/>
</testsuite> <!-- qaclickacademy.AppiumTest -->
